<?xml version="1.0" encoding="UTF-8"?>
<!-- Generated by org.testng.reporters.JUnitReportReporter -->
<testsuite hostname="INLEN8520079309" failures="0" tests="4" name="testrunner.LandingPage1_TestRunner" time="87.227" errors="0" timestamp="2023-06-07T22:31:37 IST" skipped="0">
  <testcase classname="testrunner.LandingPage1_TestRunner" name="runScenario" time="17.159"/>
  <system-out/>
  <testcase classname="testrunner.LandingPage1_TestRunner" name="runScenario" time="42.600"/>
  <system-out/>
  <testcase classname="testrunner.LandingPage1_TestRunner" name="runScenario" time="10.566"/>
  <system-out/>
  <testcase classname="testrunner.LandingPage1_TestRunner" name="runScenario" time="16.902"/>
  <system-out/>
</testsuite> <!-- testrunner.LandingPage1_TestRunner -->
