<?xml version="1.0" encoding="UTF-8"?>
<!-- Generated by org.testng.reporters.JUnitReportReporter -->
<testsuite hostname="INLEN8520079309" failures="0" tests="4" name="testrunner.LandingPage2_TestRunner" time="33.369" errors="0" timestamp="2023-06-07T22:32:28 IST" skipped="0">
  <testcase classname="testrunner.LandingPage2_TestRunner" name="runScenario" time="9.815"/>
  <system-out/>
  <testcase classname="testrunner.LandingPage2_TestRunner" name="runScenario" time="6.675"/>
  <system-out/>
  <testcase classname="testrunner.LandingPage2_TestRunner" name="runScenario" time="6.195"/>
  <system-out/>
  <testcase classname="testrunner.LandingPage2_TestRunner" name="runScenario" time="10.684"/>
  <system-out/>
</testsuite> <!-- testrunner.LandingPage2_TestRunner -->
