<?xml version="1.0" encoding="UTF-8"?>
<!-- Generated by org.testng.reporters.JUnitReportReporter -->
<testsuite hostname="INLEN8520079309" failures="0" tests="2" name="testrunner.LandingPage_Excel_TestRunner" time="24.982" errors="0" timestamp="2023-06-08T17:10:27 IST" skipped="0">
  <testcase classname="testrunner.LandingPage_Excel_TestRunner" name="runScenario" time="11.148"/>
  <system-out/>
  <testcase classname="testrunner.LandingPage_Excel_TestRunner" name="runScenario" time="13.834"/>
  <system-out/>
</testsuite> <!-- testrunner.LandingPage_Excel_TestRunner -->
