<?xml version="1.0" encoding="UTF-8"?>
<!-- Generated by org.testng.reporters.JUnitReportReporter -->
<testsuite hostname="INLEN8520079309" failures="0" tests="4" name="testrunner.LandingPage1_TestRunner" time="28.206" errors="0" timestamp="2023-06-08T17:10:27 IST" skipped="0">
  <testcase classname="testrunner.LandingPage1_TestRunner" name="runScenario" time="8.096"/>
  <system-out/>
  <testcase classname="testrunner.LandingPage1_TestRunner" name="runScenario" time="6.489"/>
  <system-out/>
  <testcase classname="testrunner.LandingPage1_TestRunner" name="runScenario" time="4.333"/>
  <system-out/>
  <testcase classname="testrunner.LandingPage1_TestRunner" name="runScenario" time="9.288"/>
  <system-out/>
</testsuite> <!-- testrunner.LandingPage1_TestRunner -->
