<?xml version="1.0" encoding="UTF-8"?>
<!-- Generated by org.testng.reporters.JUnitReportReporter -->
<testsuite hostname="INLEN8520079309" failures="0" tests="4" name="testrunner.LandingPage2_TestRunner" time="25.500" errors="0" timestamp="2023-06-08T17:10:27 IST" skipped="0">
  <testcase classname="testrunner.LandingPage2_TestRunner" name="runScenario" time="6.108"/>
  <system-out/>
  <testcase classname="testrunner.LandingPage2_TestRunner" name="runScenario" time="6.458"/>
  <system-out/>
  <testcase classname="testrunner.LandingPage2_TestRunner" name="runScenario" time="6.580"/>
  <system-out/>
  <testcase classname="testrunner.LandingPage2_TestRunner" name="runScenario" time="6.354"/>
  <system-out/>
</testsuite> <!-- testrunner.LandingPage2_TestRunner -->
